<?xml version="1.0" encoding="UTF-8"?>
<!-- Generated by org.testng.reporters.JUnitReportReporter -->
<testsuite hostname="LAPTOP-Q3C4HNI3" name="com.qizi.day4.DataDriverTest" tests="2" failures="0" timestamp="21 Feb 2021 14:46:59 GMT" time="0.000" errors="2">
  <testcase name="loginTest" time="0.000" classname="com.qizi.day4.DataDriverTest">
    <error type="org.testng.TestNGException" message="
Method public void com.qizi.day4.DataDriverTest.loginTest(java.lang.String,java.lang.String,java.lang.String) requires a @DataProvider named : data1">
      <![CDATA[org.testng.TestNGException: 
Method public void com.qizi.day4.DataDriverTest.loginTest(java.lang.String,java.lang.String,java.lang.String) requires a @DataProvider named : data1
	at org.testng.internal.Parameters.findDataProvider(Parameters.java:263)
	at org.testng.internal.Parameters.handleParameters(Parameters.java:419)
	at org.testng.internal.Invoker.handleParameters(Invoker.java:1274)
	at org.testng.internal.Invoker.createParameters(Invoker.java:989)
	at org.testng.internal.Invoker.invokeTestMethods(Invoker.java:1079)
	at org.testng.internal.TestMethodWorker.invokeTestMethods(TestMethodWorker.java:129)
	at org.testng.internal.TestMethodWorker.run(TestMethodWorker.java:112)
	at java.util.concurrent.ThreadPoolExecutor.runWorker(ThreadPoolExecutor.java:1149)
	at java.util.concurrent.ThreadPoolExecutor$Worker.run(ThreadPoolExecutor.java:624)
	at java.lang.Thread.run(Thread.java:748)
]]>
    </error>
  </testcase> <!-- loginTest -->
  <testcase name="loginTest" time="0.000" classname="com.qizi.day4.DataDriverTest">
    <error type="org.testng.TestNGException" message="
Method public void com.qizi.day4.DataDriverTest.loginTest(java.lang.String,java.lang.String) requires a @DataProvider named : data1">
      <![CDATA[org.testng.TestNGException: 
Method public void com.qizi.day4.DataDriverTest.loginTest(java.lang.String,java.lang.String) requires a @DataProvider named : data1
	at org.testng.internal.Parameters.findDataProvider(Parameters.java:263)
	at org.testng.internal.Parameters.handleParameters(Parameters.java:419)
	at org.testng.internal.Invoker.handleParameters(Invoker.java:1274)
	at org.testng.internal.Invoker.createParameters(Invoker.java:989)
	at org.testng.internal.Invoker.invokeTestMethods(Invoker.java:1079)
	at org.testng.internal.TestMethodWorker.invokeTestMethods(TestMethodWorker.java:129)
	at org.testng.internal.TestMethodWorker.run(TestMethodWorker.java:112)
	at java.util.concurrent.ThreadPoolExecutor.runWorker(ThreadPoolExecutor.java:1149)
	at java.util.concurrent.ThreadPoolExecutor$Worker.run(ThreadPoolExecutor.java:624)
	at java.lang.Thread.run(Thread.java:748)
]]>
    </error>
  </testcase> <!-- loginTest -->
</testsuite> <!-- com.qizi.day4.DataDriverTest -->
